<?xml version="1.0" encoding="UTF-8"?>
<!-- Generated by org.testng.reporters.JUnitReportReporter -->
<testsuite hostname="DESKTOP-C842KOM" failures="0" tests="3" name="webdriver.Topic_01_Check_Environment" time="0.582" errors="0" timestamp="08 Aug 2022 18:01:41 GMT" skipped="0">
  <testcase classname="webdriver.Topic_01_Check_Environment" name="TC_02_ValidatePageTitle" time="0.010"/>
  <testcase classname="webdriver.Topic_01_Check_Environment" name="TC_01_ValidateCurrentUrl" time="0.024"/>
  <testcase classname="webdriver.Topic_01_Check_Environment" name="TC_03_LoginFormDisplayed" time="0.548"/>
</testsuite> <!-- webdriver.Topic_01_Check_Environment -->
